{
  "RSpec": {
    "coverage": {
      "/Users/petucket/Sites/development/rialto-web/app/helpers/application_helper.rb": {
        "lines": [
          null,
          null,
          null,
          1,
          null
        ]
      },
      "/Users/petucket/Sites/development/rialto-web/app/helpers/home_helper.rb": {
        "lines": [
          null,
          null,
          null,
          1,
          null
        ]
      },
      "/Users/petucket/Sites/development/rialto-web/app/helpers/public_helper.rb": {
        "lines": [
          null,
          null,
          null,
          1,
          null
        ]
      },
      "/Users/petucket/Sites/development/rialto-web/app/controllers/home_controller.rb": {
        "lines": [
          null,
          null,
          null,
          1,
          1,
          1,
          null,
          1,
          null
        ]
      },
      "/Users/petucket/Sites/development/rialto-web/app/controllers/application_controller.rb": {
        "lines": [
          null,
          null,
          null,
          1,
          null,
          null,
          null,
          1,
          null,
          null,
          null,
          1,
          null,
          1,
          null,
          null,
          1,
          null,
          1,
          null,
          1,
          0,
          0,
          null,
          null,
          1,
          0,
          null,
          null
        ]
      },
      "/Users/petucket/Sites/development/rialto-web/app/controllers/concerns/authentication.rb": {
        "lines": [
          null,
          null,
          null,
          null,
          1,
          1,
          null,
          null,
          null,
          null,
          null,
          null,
          null,
          null,
          null,
          null,
          null,
          null,
          1,
          1,
          null,
          1,
          1,
          1,
          1,
          null,
          1,
          null,
          null,
          null,
          null,
          null,
          1,
          1,
          null,
          null,
          1,
          1,
          3,
          null,
          null,
          null,
          1,
          12,
          null,
          null,
          1,
          null,
          1,
          16,
          null,
          16,
          null,
          null,
          1,
          8,
          null,
          null,
          1,
          null,
          8,
          8,
          null,
          null,
          1,
          8,
          null,
          8,
          null,
          null,
          1,
          0,
          null,
          null,
          1,
          8,
          null,
          null,
          1,
          8,
          null,
          null,
          1,
          null,
          null,
          null,
          null,
          0,
          0,
          null,
          null,
          1,
          2,
          null,
          null,
          1,
          null,
          4,
          null,
          4,
          null,
          null,
          1,
          12,
          null,
          null,
          12,
          null,
          null,
          null,
          null,
          null,
          1,
          null,
          0,
          null,
          null,
          null,
          null,
          null,
          null,
          null,
          1,
          8,
          8,
          null,
          2,
          2,
          2,
          null,
          null,
          null,
          1,
          0,
          null,
          null
        ]
      },
      "/Users/petucket/Sites/development/rialto-web/app/models/current.rb": {
        "lines": [
          null,
          null,
          null,
          null,
          null,
          1,
          1,
          1,
          null
        ]
      },
      "/Users/petucket/Sites/development/rialto-web/app/models/user.rb": {
        "lines": [
          null,
          null,
          null,
          1,
          1,
          0,
          null,
          null
        ]
      },
      "/Users/petucket/Sites/development/rialto-web/app/models/application_record.rb": {
        "lines": [
          null,
          null,
          null,
          1,
          1,
          null
        ]
      },
      "/Users/petucket/Sites/development/rialto-web/app/controllers/authentication_controller.rb": {
        "lines": [
          null,
          null,
          null,
          1,
          1,
          1,
          null,
          null,
          null,
          1,
          2,
          2,
          null,
          null,
          null,
          null,
          1,
          2,
          2,
          2,
          2,
          2,
          null,
          2,
          null,
          null,
          1,
          0,
          null,
          0,
          null,
          null
        ]
      },
      "/Users/petucket/Sites/development/rialto-web/app/controllers/public_controller.rb": {
        "lines": [
          null,
          null,
          null,
          1,
          1,
          1,
          null,
          1,
          null
        ]
      },
      "/Users/petucket/Sites/development/rialto-web/app/controllers/restricted_controller.rb": {
        "lines": [
          null,
          null,
          null,
          0,
          0,
          null,
          0,
          null,
          0,
          0,
          0,
          null,
          0,
          null,
          0,
          0,
          0,
          0
        ],
        "branches": {}
      },
      "/Users/petucket/Sites/development/rialto-web/app/controllers/stanford_controller.rb": {
        "lines": [
          null,
          null,
          null,
          0,
          0,
          null,
          0,
          null,
          0,
          0,
          0,
          null,
          0,
          null,
          0,
          0,
          0,
          0
        ],
        "branches": {}
      },
      "/Users/petucket/Sites/development/rialto-web/app/jobs/application_job.rb": {
        "lines": [
          null,
          null,
          0,
          null,
          null,
          null,
          null,
          null,
          0
        ],
        "branches": {}
      },
      "/Users/petucket/Sites/development/rialto-web/app/mailers/application_mailer.rb": {
        "lines": [
          null,
          null,
          null,
          0,
          0,
          0,
          0
        ],
        "branches": {}
      },
      "/Users/petucket/Sites/development/rialto-web/app/policies/application_policy.rb": {
        "lines": [
          null,
          null,
          null,
          0,
          0
        ],
        "branches": {}
      },
      "/Users/petucket/Sites/development/rialto-web/app/policies/restricted_policy.rb": {
        "lines": [
          null,
          null,
          null,
          0,
          0,
          0,
          0,
          0
        ],
        "branches": {}
      },
      "/Users/petucket/Sites/development/rialto-web/app/policies/stanford_policy.rb": {
        "lines": [
          null,
          null,
          null,
          0,
          0,
          0,
          0,
          0
        ],
        "branches": {}
      },
      "/Users/petucket/Sites/development/rialto-web/app/services/jwt_service.rb": {
        "lines": [
          null,
          null,
          null,
          0,
          0,
          null,
          0,
          0,
          0,
          0,
          0,
          0,
          0,
          null,
          0,
          0,
          0,
          0,
          0
        ],
        "branches": {}
      }
    },
    "timestamp": 1755734152
  }
}
